<?xml version="1.0" encoding="UTF-8"?>
<!-- Generated by org.testng.reporters.JUnitReportReporter -->
<testsuite ignored="3" hostname="LAPTOP-BFNE918P" failures="0" tests="1" name="com.sfdcTestcases.AccountsTest" time="29.874" errors="0" timestamp="03 Apr 2022 13:44:57 GMT" skipped="0">
  <testcase classname="com.sfdcTestcases.AccountsTest" name="createAccountsReport_TC14" time="29.874"/>
  <testcase classname="com.sfdcTestcases.AccountsTest" name="createAccount_TC10">
    <skipped/>
  </testcase> <!-- createAccount_TC10 -->
  <testcase classname="com.sfdcTestcases.AccountsTest" name="editView_TC12">
    <skipped/>
  </testcase> <!-- editView_TC12 -->
  <testcase classname="com.sfdcTestcases.AccountsTest" name="createNewView_TC11">
    <skipped/>
  </testcase> <!-- createNewView_TC11 -->
</testsuite> <!-- com.sfdcTestcases.AccountsTest -->
