<?xml version="1.0" encoding="UTF-8"?>
<!-- Generated by org.testng.reporters.JUnitReportReporter -->
<testsuite name="com.sfdcTestcases.OpertunitiesTest" tests="5" time="37.021" ignored="0" failures="0" timestamp="04 Apr 2022 23:14:10 GMT" skipped="0" hostname="LAPTOP-BFNE918P" errors="0">
  <testcase name="createOppertunity_TC16" time="11.879" classname="com.sfdcTestcases.OpertunitiesTest"/>
  <testcase name="quarterlySummary_TC19" time="6.100" classname="com.sfdcTestcases.OpertunitiesTest"/>
  <testcase name="oppertunitiesPipeline_TC17" time="5.838" classname="com.sfdcTestcases.OpertunitiesTest"/>
  <testcase name="stuckOppertunity_TC18" time="5.681" classname="com.sfdcTestcases.OpertunitiesTest"/>
  <testcase name="verifyOpertunitiesDropdown_TC15" time="7.523" classname="com.sfdcTestcases.OpertunitiesTest"/>
</testsuite> <!-- com.sfdcTestcases.OpertunitiesTest -->
