<?xml version="1.0" encoding="UTF-8"?>
<!-- Generated by org.testng.reporters.JUnitReportReporter -->
<testsuite name="com.sfdcTestcases.UserMenuTest" tests="1" time="9.186" ignored="4" failures="0" timestamp="08 Apr 2022 22:30:22 GMT" skipped="0" hostname="LAPTOP-BFNE918P" errors="0">
  <testcase name="selectDeveloperConsole_TC08" time="9.186" classname="com.sfdcTestcases.UserMenuTest"/>
  <testcase name="selectMySettings_TC07" classname="com.sfdcTestcases.UserMenuTest">
    <skipped/>
  </testcase> <!-- selectMySettings_TC07 -->
  <testcase name="TC05" classname="com.sfdcTestcases.UserMenuTest">
    <skipped/>
  </testcase> <!-- TC05 -->
  <testcase name="selectMyProfile_TC06" classname="com.sfdcTestcases.UserMenuTest">
    <skipped/>
  </testcase> <!-- selectMyProfile_TC06 -->
  <testcase name="selectLogout_TC09" classname="com.sfdcTestcases.UserMenuTest">
    <skipped/>
  </testcase> <!-- selectLogout_TC09 -->
</testsuite> <!-- com.sfdcTestcases.UserMenuTest -->
