<?xml version="1.0" encoding="UTF-8"?>
<!-- Generated by org.testng.reporters.JUnitReportReporter -->
<testsuite name="com.sfdcTestcases.LoginTest" tests="1" time="1.381" ignored="8" failures="0" timestamp="05 Apr 2022 22:33:45 GMT" skipped="0" hostname="LAPTOP-BFNE918P" errors="0">
  <testcase name="loginErrorMessage_TC01" time="1.381" classname="com.sfdcTestcases.LoginTest"/>
  <testcase name="slectLeadsView_TC21" classname="com.sfdcTestcases.LeadsTest">
    <skipped/>
  </testcase> <!-- slectLeadsView_TC21 -->
  <testcase name="todaysLeads_TC23" classname="com.sfdcTestcases.LeadsTest">
    <skipped/>
  </testcase> <!-- todaysLeads_TC23 -->
  <testcase name="createNewLeads_TC24" classname="com.sfdcTestcases.LeadsTest">
    <skipped/>
  </testcase> <!-- createNewLeads_TC24 -->
  <testcase name="defaultView_TC22" classname="com.sfdcTestcases.LeadsTest">
    <skipped/>
  </testcase> <!-- defaultView_TC22 -->
  <testcase name="checkRememberMe_3" classname="com.sfdcTestcases.LoginTest">
    <skipped/>
  </testcase> <!-- checkRememberMe_3 -->
  <testcase name="forgotPassword_4A" classname="com.sfdcTestcases.LoginTest">
    <skipped/>
  </testcase> <!-- forgotPassword_4A -->
  <testcase name="forgotPassword_4B" classname="com.sfdcTestcases.LoginTest">
    <skipped/>
  </testcase> <!-- forgotPassword_4B -->
  <testcase name="loginToSalesforce_2" classname="com.sfdcTestcases.LoginTest">
    <skipped/>
  </testcase> <!-- loginToSalesforce_2 -->
</testsuite> <!-- com.sfdcTestcases.LoginTest -->
