<?xml version="1.0" encoding="UTF-8"?>
<!-- Generated by org.testng.reporters.JUnitReportReporter -->
<testsuite name="com.sfdcTestcases.ContactsTest" tests="3" time="18.205" ignored="5" failures="0" timestamp="07 Apr 2022 12:57:19 GMT" skipped="0" hostname="LAPTOP-BFNE918P" errors="0">
  <testcase name="createNewContact_TC25" time="8.582" classname="com.sfdcTestcases.ContactsTest"/>
  <testcase name="createNewViewInContactPage_TC26" time="5.960" classname="com.sfdcTestcases.ContactsTest"/>
  <testcase name="checkRecentlyCreatedContacts_TC27" time="3.663" classname="com.sfdcTestcases.ContactsTest"/>
  <testcase name="displayNameContacts_TC29" classname="com.sfdcTestcases.ContactsTest">
    <skipped/>
  </testcase> <!-- displayNameContacts_TC29 -->
  <testcase name="selectMyContactsView_TC28" classname="com.sfdcTestcases.ContactsTest">
    <skipped/>
  </testcase> <!-- selectMyContactsView_TC28 -->
  <testcase name="createNewViewWithErrorMessage_TC30" classname="com.sfdcTestcases.ContactsTest">
    <skipped/>
  </testcase> <!-- createNewViewWithErrorMessage_TC30 -->
  <testcase name="checkingContactEditWithSave_NewButton_TC32" classname="com.sfdcTestcases.ContactsTest">
    <skipped/>
  </testcase> <!-- checkingContactEditWithSave_NewButton_TC32 -->
  <testcase name="ckeckingNewViewWithcancelButton_TC31" classname="com.sfdcTestcases.ContactsTest">
    <skipped/>
  </testcase> <!-- ckeckingNewViewWithcancelButton_TC31 -->
</testsuite> <!-- com.sfdcTestcases.ContactsTest -->
