<?xml version="1.0" encoding="UTF-8"?>
<!-- Generated by org.testng.reporters.JUnitReportReporter -->
<testsuite name="com.sfdcTestcases.LoginTest" tests="1" time="2.269" ignored="4" failures="0" timestamp="05 Apr 2022 14:49:26 GMT" skipped="0" hostname="LAPTOP-BFNE918P" errors="0">
  <testcase name="loginErrorMessage_TC01" time="2.269" classname="com.sfdcTestcases.LoginTest"/>
  <testcase name="checkRememberMe_3" classname="com.sfdcTestcases.LoginTest">
    <skipped/>
  </testcase> <!-- checkRememberMe_3 -->
  <testcase name="forgotPassword_4A" classname="com.sfdcTestcases.LoginTest">
    <skipped/>
  </testcase> <!-- forgotPassword_4A -->
  <testcase name="forgotPassword_4B" classname="com.sfdcTestcases.LoginTest">
    <skipped/>
  </testcase> <!-- forgotPassword_4B -->
  <testcase name="loginToSalesforce_2" classname="com.sfdcTestcases.LoginTest">
    <skipped/>
  </testcase> <!-- loginToSalesforce_2 -->
</testsuite> <!-- com.sfdcTestcases.LoginTest -->
